\BOOKMARK [2][]{Outline0.1}{\376\377\000W\000s\000t\001\031\000p}{}% 1
\BOOKMARK [2][]{Outline0.2}{\376\377\000M\000a\000p\000a\000\040\000t\000o\000p\000o\000g\000r\000a\000f\000i\000c\000z\000n\000a}{}% 2
\BOOKMARK [2][]{Outline0.3}{\376\377\000M\000a\000p\000a\000\040\000a\000z\000y\000m\000u\000t\000\363\000w}{}% 3
\BOOKMARK [2][]{Outline0.4}{\376\377\000G\000r\000u\000p\000o\000w\000a\000n\000i\000e\000\040\000t\000r\000\363\000j\000k\001\005\000t\000\363\000w\000\040\000-\000\040\000X\000\137\000N\000,\000\040\000Y\000\137\000N\000,\000\040\000Z\000\137\000N}{}% 4
\BOOKMARK [2][]{Outline0.5}{\376\377\000G\000r\000u\000p\000o\000w\000a\000n\000i\000e\000\040\000t\000r\000\363\000j\000k\001\005\000t\000\363\000w\000\040\000-\000\040\000X\000\137\000D\000,\000\040\000Y\000\137\000D\000,\000\040\000Z\000\137\000D}{}% 5
\BOOKMARK [2][]{Outline0.6}{\376\377\000T\000a\000b\000e\000l\000e\000\040\000p\000u\000n\000k\000t\000\363\000w\000\040\000s\000k\000u\000p\000i\000e\001\104}{}% 6
\BOOKMARK [2][]{Outline0.7}{\376\377\000K\000o\000d\000\040\000f\000i\000l\000t\000r\000o\000w\000a\000n\000i\000a\000\040\000i\000\040\000w\000i\000z\000u\000a\000l\000i\000z\000a\000c\000j\000i\000\040\000w\000\040\000R}{}% 7
\BOOKMARK [2][]{Outline0.8}{\376\377\000P\000r\000z\000e\000f\000i\000l\000t\000r\000o\000w\000a\000n\000e\000\040\000p\000u\000n\000k\000t\000y}{}% 8
\BOOKMARK [2][]{Outline0.9}{\376\377\000M\000a\000p\000a\000\040\000g\000e\000o\000m\000o\000r\000f\000o\000n\000\363\000w}{}% 9
\BOOKMARK [2][]{Outline0.10}{\376\377\000M\000a\000p\000a\000\040\000g\000e\000o\000m\000o\000r\000f\000o\000n\000\363\000w}{}% 10
\BOOKMARK [2][]{Outline0.11}{\376\377\000P\000o\000d\000s\000u\000m\000o\000w\000a\000n\000i\000e\000\040\000i\000\040\000w\000n\000i\000o\000s\000k\000i}{}% 11
\BOOKMARK [2][]{Outline0.12}{\376\377\000S\000l\000a\000j\000d\000\040\000p\000r\000z\000e\000j\001\133\000c\000i\000o\000w\000y}{}% 12
\BOOKMARK [2][]{Outline0.13}{\376\377\000P\000r\000z\000e\000d\000s\000t\000a\000w\000i\000e\000n\000i\000e\000\040\000d\000a\000n\000y\000c\000h}{}% 13
\BOOKMARK [2][]{Outline0.14}{\376\377\000I\000n\000t\000e\000r\000p\000o\000l\000a\000c\000j\000a\000\040\000w\000y\000s\000o\000k\000o\001\133\000c\000i\000o\000w\000a}{}% 14
\BOOKMARK [2][]{Outline0.15}{\376\377\000A\000n\000o\000m\000a\000l\000i\000e\000\040\000n\000a\000\040\000k\000r\000a\000w\001\031\000d\000z\000i\000\040\000d\000a\000n\000y\000c\000h\0002}{}% 15
\BOOKMARK [2][]{Outline0.16}{\376\377\000B\000e\000z\000\040\000a\000n\000o\000m\000a\000l\000i\000i}{}% 16
\BOOKMARK [2][]{Outline0.17}{\376\377\000M\000a\000p\000a\000\040\000a\000z\000y\000m\000u\000t\000\363\000w}{}% 17
\BOOKMARK [2][]{Outline0.18}{\376\377\000M\000a\000p\000a\000\040\000a\000z\000y\000m\000u\000t\000\363\000w\0002}{}% 18
\BOOKMARK [2][]{Outline0.19}{\376\377\000K\000a\000b\000e\000l}{}% 19
\BOOKMARK [2][]{Outline0.20}{\376\377\000G\000r\000u\000p\000o\000w\000a\000n\000i\000e\000\040\000t\000r\000\363\000j\000k\001\005\000t\000\363\000w\000\040\000-\000\040\000X\000\137\000N\000,\000\040\000Y\000\137\000N\000,\000\040\000Z\000\137\000N}{}% 20
\BOOKMARK [2][]{Outline0.21}{\376\377\000G\000r\000u\000p\000o\000w\000a\000n\000i\000e\000\040\000t\000r\000\363\000j\000k\001\005\000t\000\363\000w\000\040\000-\000\040\000X\000\137\000D\000,\000\040\000Y\000\137\000D\000,\000\040\000Z\000\137\000D}{}% 21
\BOOKMARK [2][]{Outline0.22}{\376\377\000B\000i\000b\000l\000i\000o\000g\000r\000a\000f\000i\000a}{}% 22
